<?xml version="1.0" encoding="UTF-8"?>
<!-- Generated by org.testng.reporters.JUnitReportReporter -->
<testsuite hostname="MF-TNRQD6Z5LFMQ" failures="0" tests="1" name="org.Nav.Explore.ContactsTest.GetAllContacts" time="6.363" errors="0" timestamp="2025-06-06T22:48:00 IST" skipped="0">
  <testcase classname="org.Nav.Explore.ContactsTest.GetAllContacts" name="getAllContactsTest" time="6.363"/>
  <system-out/>
</testsuite> <!-- org.Nav.Explore.ContactsTest.GetAllContacts -->
