<?xml version="1.0" encoding="UTF-8"?>
<!-- Generated by org.testng.reporters.JUnitReportReporter -->
<testsuite hostname="MF-TNRQD6Z5LFMQ" failures="0" tests="2" name="org.Nav.Explore.FakeAPI.deserilization.GetAllProducts" time="2.007" errors="0" timestamp="2025-06-06T22:48:00 IST" skipped="0">
  <testcase classname="org.Nav.Explore.FakeAPI.deserilization.GetAllProducts" name="getALLProducts" time="0.893"/>
  <system-out/>
  <testcase classname="org.Nav.Explore.FakeAPI.deserilization.GetAllProducts" name="getProducts" time="1.114"/>
  <system-out/>
</testsuite> <!-- org.Nav.Explore.FakeAPI.deserilization.GetAllProducts -->
