<?xml version="1.0" encoding="UTF-8"?>
<!-- Generated by org.testng.reporters.JUnitReportReporter -->
<testsuite hostname="MF-TNRQD6Z5LFMQ" failures="0" tests="2" name="org.Nav.Explore.FakeAPI.deserilization.GetAllProducts" time="1.562" errors="0" timestamp="2025-06-06T22:33:15 IST" skipped="0">
  <testcase classname="org.Nav.Explore.FakeAPI.deserilization.GetAllProducts" name="getALLProducts" time="0.744"/>
  <system-out/>
  <testcase classname="org.Nav.Explore.FakeAPI.deserilization.GetAllProducts" name="getProducts" time="0.818"/>
  <system-out/>
</testsuite> <!-- org.Nav.Explore.FakeAPI.deserilization.GetAllProducts -->
