<?xml version="1.0" encoding="UTF-8"?>
<!-- Generated by org.testng.reporters.JUnitReportReporter -->
<testsuite hostname="MF-TNRQD6Z5LFMQ" failures="0" tests="1" name="org.Nav.Explore.FakeAPI.deserilization.GetAllProductsJwayJsonPath" time="2.686" errors="0" timestamp="2025-06-06T21:36:30 IST" skipped="0">
  <testcase classname="org.Nav.Explore.FakeAPI.deserilization.GetAllProductsJwayJsonPath" name="getProductsJsonPath" time="2.686"/>
  <system-out/>
</testsuite> <!-- org.Nav.Explore.FakeAPI.deserilization.GetAllProductsJwayJsonPath -->
