<?xml version="1.0" encoding="UTF-8"?>
<!-- Generated by org.testng.reporters.JUnitReportReporter -->
<testsuite hostname="MF-TNRQD6Z5LFMQ" failures="0" tests="1" name="org.Nav.Explore.ContactsTest.GetAllContacts" time="4.620" errors="0" timestamp="2025-05-25T11:58:39 IST" skipped="0">
  <testcase classname="org.Nav.Explore.ContactsTest.GetAllContacts" name="getAllContactsTest" time="4.620"/>
  <system-out/>
</testsuite> <!-- org.Nav.Explore.ContactsTest.GetAllContacts -->
