<?xml version="1.0" encoding="UTF-8"?>
<!-- Generated by org.testng.reporters.JUnitReportReporter -->
<testsuite hostname="MF-TNRQD6Z5LFMQ" failures="0" tests="2" name="org.Nav.Explore.FakeAPI.deserilization.GetAllProducts" time="0.981" errors="0" timestamp="2025-05-25T11:58:39 IST" skipped="0">
  <testcase classname="org.Nav.Explore.FakeAPI.deserilization.GetAllProducts" name="getALLProducts" time="0.638"/>
  <system-out/>
  <testcase classname="org.Nav.Explore.FakeAPI.deserilization.GetAllProducts" name="getProducts" time="0.343"/>
  <system-out/>
</testsuite> <!-- org.Nav.Explore.FakeAPI.deserilization.GetAllProducts -->
