<?xml version="1.0" encoding="UTF-8"?>
<!-- Generated by org.testng.reporters.JUnitReportReporter -->
<testsuite hostname="MF-TNRQD6Z5LFMQ" failures="0" tests="1" name="org.Nav.Explore.goRes.CreateUser" time="2.328" errors="0" timestamp="2025-05-25T11:58:39 IST" skipped="0">
  <testcase classname="org.Nav.Explore.goRes.CreateUser" name="createUsertest" time="2.328"/>
  <system-out/>
</testsuite> <!-- org.Nav.Explore.goRes.CreateUser -->
