<?xml version="1.0" encoding="UTF-8"?>
<!-- Generated by org.testng.reporters.JUnitReportReporter -->
<testsuite hostname="MF-TNRQD6Z5LFMQ" failures="0" tests="1" name="org.Nav.Explore.goRes.CreateUser" time="2.600" errors="0" timestamp="2025-06-06T22:33:15 IST" skipped="0">
  <testcase classname="org.Nav.Explore.goRes.CreateUser" name="createUsertest" time="2.600"/>
  <system-out/>
</testsuite> <!-- org.Nav.Explore.goRes.CreateUser -->
