<?xml version="1.0" encoding="UTF-8"?>
<!-- Generated by org.testng.reporters.JUnitReportReporter -->
<testsuite hostname="MF-TNRQD6Z5LFMQ" failures="0" tests="2" name="org.Nav.Explore.FakeAPI.deserilization.GetAllProducts" time="2.762" errors="0" timestamp="2025-06-07T00:09:16 IST" skipped="0">
  <testcase classname="org.Nav.Explore.FakeAPI.deserilization.GetAllProducts" name="getALLProducts" time="1.444"/>
  <system-out/>
  <testcase classname="org.Nav.Explore.FakeAPI.deserilization.GetAllProducts" name="getProducts" time="1.318"/>
  <system-out/>
</testsuite> <!-- org.Nav.Explore.FakeAPI.deserilization.GetAllProducts -->
