<?xml version="1.0" encoding="UTF-8"?>
<!-- Generated by org.testng.reporters.JUnitReportReporter -->
<testsuite hostname="MF-TNRQD6Z5LFMQ" failures="0" tests="1" name="org.Nav.Explore.BasicAuth.BasicAuthTest" time="1.443" errors="0" timestamp="2025-06-06T23:11:10 IST" skipped="0">
  <testcase classname="org.Nav.Explore.BasicAuth.BasicAuthTest" name="basicAuthTest" time="1.443"/>
  <system-out/>
</testsuite> <!-- org.Nav.Explore.BasicAuth.BasicAuthTest -->
