<?xml version="1.0" encoding="UTF-8"?>
<!-- Generated by org.testng.reporters.JUnitReportReporter -->
<testsuite hostname="5c1d2a04c163" failures="0" tests="1" name="org.Nav.Explore.BasicAuth.BasicAuthTest" time="1.671" errors="0" timestamp="2025-06-08T07:25:00 UTC" skipped="0">
  <testcase classname="org.Nav.Explore.BasicAuth.BasicAuthTest" name="basicAuthTest" time="1.671"/>
  <system-out/>
</testsuite> <!-- org.Nav.Explore.BasicAuth.BasicAuthTest -->
